{"level":"\u001b[31merror\u001b[39m","message":"Failed to add report: getaddrinfo ENOTFOUND postgres","timestamp":"2025-09-20 11:59:35"}
{"level":"\u001b[31merror\u001b[39m","message":"Health check failed: getaddrinfo ENOTFOUND postgres","timestamp":"2025-09-20 12:14:15"}
{"level":"\u001b[31merror\u001b[39m","message":"Failed to retrieve reports: getaddrinfo ENOTFOUND postgres","timestamp":"2025-09-20 12:14:49"}
{"level":"\u001b[31merror\u001b[39m","message":"Health check failed: getaddrinfo ENOTFOUND postgres","timestamp":"2025-09-20 12:20:58"}
{"level":"\u001b[31merror\u001b[39m","message":"Health check failed: getaddrinfo ENOTFOUND postgres","timestamp":"2025-09-20 12:21:01"}
{"level":"\u001b[31merror\u001b[39m","message":"❌ Failed to add report: insert into \"reports\" (\"address\", \"audio_url\", \"category\", \"created_at\", \"department_id\", \"description\", \"image_urls\", \"latitude\", \"longitude\", \"priority\", \"status\", \"title\", \"updated_at\", \"urgency_score\", \"user_id\", \"user_name\") values ($1, $2, $3, $4, $5, $6, $7, $8, $9, $10, $11, $12, $13, $14, $15, $16) returning * - column \"latitude\" of relation \"reports\" does not exist","timestamp":"2025-09-20 21:58:41"}
{"level":"\u001b[31merror\u001b[39m","message":"Stack trace:","timestamp":"2025-09-20 21:58:41"}
{"level":"\u001b[31merror\u001b[39m","message":"❌ Failed to add report: insert into \"reports\" (\"address\", \"audio_url\", \"category\", \"created_at\", \"department_id\", \"description\", \"image_urls\", \"latitude\", \"longitude\", \"priority\", \"status\", \"title\", \"updated_at\", \"urgency_score\", \"user_id\", \"user_name\") values ($1, $2, $3, $4, $5, $6, $7, $8, $9, $10, $11, $12, $13, $14, $15, $16) returning * - column \"latitude\" of relation \"reports\" does not exist","timestamp":"2025-09-20 22:05:58"}
{"level":"\u001b[31merror\u001b[39m","message":"Stack trace:","timestamp":"2025-09-20 22:05:58"}
{"level":"\u001b[31merror\u001b[39m","message":"❌ Failed to add report: insert into \"reports\" (\"address\", \"audio_url\", \"category\", \"created_at\", \"department_id\", \"description\", \"image_urls\", \"latitude\", \"longitude\", \"priority\", \"status\", \"title\", \"updated_at\", \"urgency_score\", \"user_id\", \"user_name\") values ($1, $2, $3, $4, $5, $6, $7, $8, $9, $10, $11, $12, $13, $14, $15, $16) returning * - column \"latitude\" of relation \"reports\" does not exist","timestamp":"2025-09-20 22:08:33"}
{"level":"\u001b[31merror\u001b[39m","message":"Stack trace:","timestamp":"2025-09-20 22:08:33"}
{"level":"\u001b[31merror\u001b[39m","message":"❌ Failed to add report: insert into \"reports\" (\"address\", \"audio_url\", \"category\", \"created_at\", \"department_id\", \"description\", \"image_urls\", \"latitude\", \"longitude\", \"priority\", \"status\", \"title\", \"updated_at\", \"urgency_score\", \"user_id\", \"user_name\") values ($1, $2, $3, $4, $5, $6, $7, $8, $9, $10, $11, $12, $13, $14, $15, $16) returning * - column \"latitude\" of relation \"reports\" does not exist","timestamp":"2025-09-20 22:08:38"}
{"level":"\u001b[31merror\u001b[39m","message":"Stack trace:","timestamp":"2025-09-20 22:08:38"}
{"level":"\u001b[31merror\u001b[39m","message":"❌ Failed to add report: insert into \"reports\" (\"address\", \"audio_url\", \"category\", \"created_at\", \"department_id\", \"description\", \"image_urls\", \"latitude\", \"longitude\", \"priority\", \"status\", \"title\", \"updated_at\", \"urgency_score\", \"user_id\", \"user_name\") values ($1, $2, $3, $4, $5, $6, $7, $8, $9, $10, $11, $12, $13, $14, $15, $16) returning * - column \"latitude\" of relation \"reports\" does not exist","timestamp":"2025-09-20 22:12:31"}
{"level":"\u001b[31merror\u001b[39m","message":"Stack trace:","timestamp":"2025-09-20 22:12:31"}
{"level":"\u001b[31merror\u001b[39m","message":"❌ Failed to add report: insert into \"reports\" (\"address\", \"audio_url\", \"category\", \"created_at\", \"department_id\", \"description\", \"image_urls\", \"latitude\", \"longitude\", \"priority\", \"status\", \"title\", \"updated_at\", \"urgency_score\", \"user_id\", \"user_name\") values ($1, $2, $3, $4, $5, $6, $7, $8, $9, $10, $11, $12, $13, $14, $15, $16) returning * - column \"latitude\" of relation \"reports\" does not exist","timestamp":"2025-09-20 22:13:35"}
{"level":"\u001b[31merror\u001b[39m","message":"Stack trace:","timestamp":"2025-09-20 22:13:35"}
{"level":"\u001b[31merror\u001b[39m","message":"❌ Failed to add report: insert into \"reports\" (\"address\", \"audio_url\", \"category\", \"created_at\", \"department_id\", \"description\", \"image_urls\", \"latitude\", \"longitude\", \"priority\", \"status\", \"title\", \"updated_at\", \"urgency_score\", \"user_id\", \"user_name\") values ($1, $2, $3, $4, $5, $6, $7, $8, $9, $10, $11, $12, $13, $14, $15, $16) returning * - column \"latitude\" of relation \"reports\" does not exist","timestamp":"2025-09-20 22:16:57"}
{"level":"\u001b[31merror\u001b[39m","message":"Stack trace:","timestamp":"2025-09-20 22:16:57"}
{"level":"\u001b[31merror\u001b[39m","message":"❌ Failed to add report: insert into \"reports\" (\"address\", \"audio_url\", \"category\", \"created_at\", \"department_id\", \"description\", \"image_urls\", \"latitude\", \"longitude\", \"priority\", \"status\", \"title\", \"updated_at\", \"urgency_score\", \"user_id\", \"user_name\") values ($1, $2, $3, $4, $5, $6, $7, $8, $9, $10, $11, $12, $13, $14, $15, $16) returning * - column \"latitude\" of relation \"reports\" does not exist","timestamp":"2025-09-20 22:17:40"}
{"level":"\u001b[31merror\u001b[39m","message":"Stack trace:","timestamp":"2025-09-20 22:17:40"}
{"level":"\u001b[31merror\u001b[39m","message":"❌ Failed to add report: insert into \"reports\" (\"address\", \"audio_url\", \"category\", \"created_at\", \"department_id\", \"description\", \"image_urls\", \"latitude\", \"longitude\", \"priority\", \"status\", \"title\", \"updated_at\", \"urgency_score\", \"user_id\", \"user_name\") values ($1, $2, $3, $4, $5, $6, $7, $8, $9, $10, $11, $12, $13, $14, $15, $16) returning * - column \"latitude\" of relation \"reports\" does not exist","timestamp":"2025-09-20 22:20:51"}
{"level":"\u001b[31merror\u001b[39m","message":"Stack trace:","timestamp":"2025-09-20 22:20:51"}
{"level":"\u001b[31merror\u001b[39m","message":"❌ Failed to add report: insert into \"reports\" (\"address\", \"audio_url\", \"category\", \"created_at\", \"department_id\", \"description\", \"image_urls\", \"latitude\", \"longitude\", \"priority\", \"status\", \"title\", \"updated_at\", \"urgency_score\", \"user_id\", \"user_name\") values ($1, $2, $3, $4, $5, $6, $7, $8, $9, $10, $11, $12, $13, $14, $15, $16) returning * - insert or update on table \"reports\" violates foreign key constraint \"reports_user_id_foreign\"","timestamp":"2025-09-20 22:36:40"}
{"level":"\u001b[31merror\u001b[39m","message":"Stack trace:","timestamp":"2025-09-20 22:36:40"}
{"level":"\u001b[31merror\u001b[39m","message":"❌ Failed to add report: insert into \"reports\" (\"address\", \"audio_url\", \"category\", \"created_at\", \"department_id\", \"description\", \"image_urls\", \"latitude\", \"longitude\", \"priority\", \"status\", \"title\", \"updated_at\", \"urgency_score\", \"user_id\", \"user_name\") values ($1, $2, $3, $4, $5, $6, $7, $8, $9, $10, $11, $12, $13, $14, $15, $16) returning * - insert or update on table \"reports\" violates foreign key constraint \"reports_user_id_foreign\"","timestamp":"2025-09-20 22:39:40"}
{"level":"\u001b[31merror\u001b[39m","message":"Stack trace:","timestamp":"2025-09-20 22:39:40"}
{"level":"\u001b[31merror\u001b[39m","message":"❌ Failed to add report: insert into \"reports\" (\"address\", \"audio_url\", \"category\", \"created_at\", \"department_id\", \"description\", \"image_urls\", \"latitude\", \"longitude\", \"priority\", \"status\", \"title\", \"updated_at\", \"urgency_score\", \"user_id\", \"user_name\") values ($1, $2, $3, $4, $5, $6, $7, $8, $9, $10, $11, $12, $13, $14, $15, $16) returning * - insert or update on table \"reports\" violates foreign key constraint \"reports_user_id_foreign\"","timestamp":"2025-09-20 22:43:51"}
{"level":"\u001b[31merror\u001b[39m","message":"Stack trace:","timestamp":"2025-09-20 22:43:51"}
{"level":"\u001b[31merror\u001b[39m","message":"❌ Failed to add report: insert into \"reports\" (\"address\", \"audio_url\", \"category\", \"created_at\", \"department_id\", \"description\", \"image_urls\", \"latitude\", \"longitude\", \"priority\", \"status\", \"title\", \"updated_at\", \"urgency_score\", \"user_id\", \"user_name\") values ($1, $2, $3, $4, $5, $6, $7, $8, $9, $10, $11, $12, $13, $14, $15, $16) returning * - insert or update on table \"reports\" violates foreign key constraint \"reports_user_id_foreign\"","timestamp":"2025-09-20 22:50:32"}
{"level":"\u001b[31merror\u001b[39m","message":"Stack trace:","timestamp":"2025-09-20 22:50:32"}
{"level":"\u001b[31merror\u001b[39m","message":"❌ Failed to add report: insert into \"reports\" (\"address\", \"audio_url\", \"category\", \"created_at\", \"department_id\", \"description\", \"image_urls\", \"latitude\", \"longitude\", \"priority\", \"status\", \"title\", \"updated_at\", \"urgency_score\", \"user_id\", \"user_name\") values ($1, $2, $3, $4, $5, $6, $7, $8, $9, $10, $11, $12, $13, $14, $15, $16) returning * - insert or update on table \"reports\" violates foreign key constraint \"reports_department_id_foreign\"","timestamp":"2025-09-20 22:54:17"}
{"level":"\u001b[31merror\u001b[39m","message":"Stack trace:","timestamp":"2025-09-20 22:54:17"}
{"level":"\u001b[31merror\u001b[39m","message":"❌ Failed to add report: \"[object Object]\" is not valid JSON","timestamp":"2025-09-20 22:56:07"}
{"level":"\u001b[31merror\u001b[39m","message":"Stack trace:","timestamp":"2025-09-20 22:56:07"}
{"level":"\u001b[31merror\u001b[39m","message":"❌ Failed to add report: \"[object Object]\" is not valid JSON","timestamp":"2025-09-20 22:56:22"}
{"level":"\u001b[31merror\u001b[39m","message":"Stack trace:","timestamp":"2025-09-20 22:56:22"}
{"level":"\u001b[31merror\u001b[39m","message":"❌ Failed to add report: insert into \"reports\" (\"address\", \"audio_url\", \"category\", \"created_at\", \"department_id\", \"description\", \"image_urls\", \"latitude\", \"longitude\", \"priority\", \"status\", \"title\", \"updated_at\", \"urgency_score\", \"user_id\", \"user_name\") values ($1, $2, $3, $4, $5, $6, $7, $8, $9, $10, $11, $12, $13, $14, $15, $16) returning * - invalid input syntax for type json","timestamp":"2025-09-21 00:02:45"}
{"level":"\u001b[31merror\u001b[39m","message":"Stack trace:","timestamp":"2025-09-21 00:02:45"}
{"level":"\u001b[31merror\u001b[39m","message":"❌ Database connection failed: getaddrinfo ENOTFOUND db.fyixddxbcvahtjhausgv.supabase.co","timestamp":"2025-09-21 01:55:00"}
{"level":"\u001b[31merror\u001b[39m","message":"Authentication error: getaddrinfo ENOTFOUND aws-1-ap-south-1.pooler.supabase.com","timestamp":"2025-09-28 17:25:18"}
{"level":"\u001b[31merror\u001b[39m","message":"Authentication error: getaddrinfo ENOTFOUND aws-1-ap-south-1.pooler.supabase.com","timestamp":"2025-09-28 17:25:18"}
{"level":"\u001b[31merror\u001b[39m","message":"Authentication error: select \"id\", \"name\", \"email\", \"role\", \"department\", \"designation\", \"location\" from \"users\" where \"id\" = $1 limit $2 - column \"department\" does not exist","timestamp":"2025-09-28 19:34:35"}
{"level":"\u001b[31merror\u001b[39m","message":"Authentication error: select \"id\", \"name\", \"email\", \"role\", \"department\", \"designation\", \"location\" from \"users\" where \"id\" = $1 limit $2 - column \"department\" does not exist","timestamp":"2025-09-28 19:46:48"}
{"level":"\u001b[31merror\u001b[39m","message":"Authentication error: select \"id\", \"name\", \"email\", \"role\", \"department\", \"designation\", \"location\" from \"users\" where \"id\" = $1 limit $2 - column \"department\" does not exist","timestamp":"2025-09-28 19:46:48"}
{"level":"\u001b[31merror\u001b[39m","message":"Authentication error: select \"id\", \"name\", \"email\", \"role\", \"department\", \"designation\", \"location\" from \"users\" where \"id\" = $1 limit $2 - column \"department\" does not exist","timestamp":"2025-09-28 19:47:27"}
{"level":"\u001b[31merror\u001b[39m","message":"Authentication error: select \"id\", \"name\", \"email\", \"role\", \"department\", \"designation\", \"location\" from \"users\" where \"id\" = $1 limit $2 - column \"department\" does not exist","timestamp":"2025-09-28 19:47:27"}
{"level":"\u001b[31merror\u001b[39m","message":"Authentication error: select \"id\", \"name\", \"email\", \"role\", \"department\", \"designation\", \"location\" from \"users\" where \"id\" = $1 limit $2 - column \"department\" does not exist","timestamp":"2025-09-28 19:48:08"}
{"level":"\u001b[31merror\u001b[39m","message":"Authentication error: select \"id\", \"name\", \"email\", \"role\", \"department\", \"designation\", \"location\" from \"users\" where \"id\" = $1 limit $2 - column \"department\" does not exist","timestamp":"2025-09-28 19:48:08"}
{"level":"\u001b[31merror\u001b[39m","message":"Authentication error: select \"id\", \"name\", \"email\", \"role\", \"department\", \"designation\", \"location\" from \"users\" where \"id\" = $1 limit $2 - Connection terminated unexpectedly","timestamp":"2025-09-28 21:10:18"}
{"level":"\u001b[31merror\u001b[39m","message":"Authentication error: select \"id\", \"name\", \"email\", \"role\", \"department\", \"designation\", \"location\" from \"users\" where \"id\" = $1 limit $2 - column \"department\" does not exist","timestamp":"2025-09-28 21:10:19"}
{"level":"\u001b[31merror\u001b[39m","message":"Authentication error: select \"id\", \"name\", \"email\", \"role\", \"department\", \"designation\", \"location\" from \"users\" where \"id\" = $1 limit $2 - column \"department\" does not exist","timestamp":"2025-09-28 21:53:52"}
{"level":"\u001b[31merror\u001b[39m","message":"Authentication error: select \"id\", \"name\", \"email\", \"role\", \"department\", \"designation\", \"location\" from \"users\" where \"id\" = $1 limit $2 - column \"department\" does not exist","timestamp":"2025-09-28 21:59:37"}
{"level":"\u001b[31merror\u001b[39m","message":"Authentication error: select \"id\", \"name\", \"email\", \"role\", \"department\", \"designation\", \"location\" from \"users\" where \"id\" = $1 limit $2 - column \"department\" does not exist","timestamp":"2025-09-28 21:59:37"}
{"level":"\u001b[31merror\u001b[39m","message":"Authentication error: select \"id\", \"name\", \"email\", \"role\", \"department\", \"designation\", \"location\" from \"users\" where \"id\" = $1 limit $2 - column \"department\" does not exist","timestamp":"2025-09-28 22:01:05"}
{"level":"\u001b[31merror\u001b[39m","message":"Authentication error: select \"id\", \"name\", \"email\", \"role\", \"department\", \"designation\", \"location\" from \"users\" where \"id\" = $1 limit $2 - column \"department\" does not exist","timestamp":"2025-09-28 22:08:12"}
{"level":"\u001b[31merror\u001b[39m","message":"Authentication error: select \"id\", \"name\", \"email\", \"role\", \"department\", \"designation\", \"location\" from \"users\" where \"id\" = $1 limit $2 - column \"department\" does not exist","timestamp":"2025-09-28 22:08:12"}
{"level":"\u001b[31merror\u001b[39m","message":"Authentication error: select \"id\", \"name\", \"email\", \"role\", \"department\", \"designation\", \"location\" from \"users\" where \"id\" = $1 limit $2 - column \"department\" does not exist","timestamp":"2025-09-28 22:08:16"}
{"level":"\u001b[31merror\u001b[39m","message":"Authentication error: select \"id\", \"name\", \"email\", \"role\", \"department\", \"designation\", \"location\" from \"users\" where \"id\" = $1 limit $2 - column \"department\" does not exist","timestamp":"2025-09-28 22:08:16"}
{"level":"\u001b[31merror\u001b[39m","message":"Authentication error: select \"id\", \"name\", \"email\", \"role\", \"department\", \"designation\", \"location\" from \"users\" where \"id\" = $1 limit $2 - column \"department\" does not exist","timestamp":"2025-09-28 22:17:16"}
{"level":"\u001b[31merror\u001b[39m","message":"Authentication error: select \"id\", \"name\", \"email\", \"role\", \"department\", \"designation\", \"location\" from \"users\" where \"id\" = $1 limit $2 - column \"department\" does not exist","timestamp":"2025-09-28 22:17:16"}
{"level":"\u001b[31merror\u001b[39m","message":"Authentication error: select \"id\", \"name\", \"email\", \"role\", \"department\", \"designation\", \"location\" from \"users\" where \"id\" = $1 limit $2 - column \"department\" does not exist","timestamp":"2025-09-28 22:17:21"}
{"level":"\u001b[31merror\u001b[39m","message":"Authentication error: select \"id\", \"name\", \"email\", \"role\", \"department\", \"designation\", \"location\" from \"users\" where \"id\" = $1 limit $2 - column \"department\" does not exist","timestamp":"2025-09-28 22:17:21"}
{"level":"\u001b[31merror\u001b[39m","message":"Authentication error: select \"id\", \"name\", \"email\", \"role\", \"department\", \"designation\", \"location\" from \"users\" where \"id\" = $1 limit $2 - column \"department\" does not exist","timestamp":"2025-09-28 22:17:24"}
{"level":"\u001b[31merror\u001b[39m","message":"Authentication error: select \"id\", \"name\", \"email\", \"role\", \"department\", \"designation\", \"location\" from \"users\" where \"id\" = $1 limit $2 - column \"department\" does not exist","timestamp":"2025-09-28 22:17:24"}
{"level":"\u001b[31merror\u001b[39m","message":"Authentication error: select \"id\", \"name\", \"email\", \"role\", \"department\", \"designation\", \"location\" from \"users\" where \"id\" = $1 limit $2 - column \"department\" does not exist","timestamp":"2025-09-28 22:17:33"}
{"level":"\u001b[31merror\u001b[39m","message":"Authentication error: select \"id\", \"name\", \"email\", \"role\", \"department\", \"designation\", \"location\" from \"users\" where \"id\" = $1 limit $2 - column \"department\" does not exist","timestamp":"2025-09-28 22:17:33"}
{"level":"\u001b[31merror\u001b[39m","message":"Authentication error: select \"id\", \"name\", \"email\", \"role\", \"department\", \"designation\", \"location\" from \"users\" where \"id\" = $1 limit $2 - column \"department\" does not exist","timestamp":"2025-09-28 22:17:36"}
{"level":"\u001b[31merror\u001b[39m","message":"Authentication error: select \"id\", \"name\", \"email\", \"role\", \"department\", \"designation\", \"location\" from \"users\" where \"id\" = $1 limit $2 - column \"department\" does not exist","timestamp":"2025-09-28 22:17:36"}
{"level":"\u001b[31merror\u001b[39m","message":"Authentication error: select \"id\", \"name\", \"email\", \"role\", \"department\", \"designation\", \"location\" from \"users\" where \"id\" = $1 limit $2 - column \"department\" does not exist","timestamp":"2025-09-28 22:17:41"}
{"level":"\u001b[31merror\u001b[39m","message":"Authentication error: select \"id\", \"name\", \"email\", \"role\", \"department\", \"designation\", \"location\" from \"users\" where \"id\" = $1 limit $2 - column \"department\" does not exist","timestamp":"2025-09-28 22:17:41"}
{"level":"\u001b[31merror\u001b[39m","message":"Authentication error: select \"id\", \"name\", \"email\", \"role\", \"department\", \"designation\", \"location\" from \"users\" where \"id\" = $1 limit $2 - column \"department\" does not exist","timestamp":"2025-09-28 22:22:07"}
{"level":"\u001b[31merror\u001b[39m","message":"Authentication error: select \"id\", \"name\", \"email\", \"role\", \"department\", \"designation\", \"location\" from \"users\" where \"id\" = $1 limit $2 - column \"department\" does not exist","timestamp":"2025-09-28 22:22:07"}
{"level":"\u001b[31merror\u001b[39m","message":"Authentication error: select \"id\", \"name\", \"email\", \"role\", \"department\", \"designation\", \"location\" from \"users\" where \"id\" = $1 limit $2 - column \"department\" does not exist","timestamp":"2025-09-28 22:38:42"}
{"level":"\u001b[31merror\u001b[39m","message":"Authentication error: select \"id\", \"name\", \"email\", \"role\", \"department\", \"designation\", \"location\" from \"users\" where \"id\" = $1 limit $2 - column \"department\" does not exist","timestamp":"2025-09-28 22:38:42"}
{"level":"\u001b[31merror\u001b[39m","message":"Authentication error: select \"id\", \"name\", \"email\", \"role\", \"department\", \"designation\", \"location\" from \"users\" where \"id\" = $1 limit $2 - column \"department\" does not exist","timestamp":"2025-09-28 22:38:47"}
{"level":"\u001b[31merror\u001b[39m","message":"Authentication error: select \"id\", \"name\", \"email\", \"role\", \"department\", \"designation\", \"location\" from \"users\" where \"id\" = $1 limit $2 - column \"department\" does not exist","timestamp":"2025-09-28 22:38:48"}
{"level":"\u001b[31merror\u001b[39m","message":"Authentication error: select \"id\", \"name\", \"email\", \"role\", \"department\", \"designation\", \"location\" from \"users\" where \"id\" = $1 limit $2 - column \"department\" does not exist","timestamp":"2025-09-28 22:38:57"}
{"level":"\u001b[31merror\u001b[39m","message":"Authentication error: select \"id\", \"name\", \"email\", \"role\", \"department\", \"designation\", \"location\" from \"users\" where \"id\" = $1 limit $2 - column \"department\" does not exist","timestamp":"2025-09-28 22:38:57"}
{"level":"\u001b[31merror\u001b[39m","message":"Authentication error: select \"id\", \"name\", \"email\", \"role\", \"department\", \"designation\", \"location\" from \"users\" where \"id\" = $1 limit $2 - column \"department\" does not exist","timestamp":"2025-09-28 22:39:00"}
{"level":"\u001b[31merror\u001b[39m","message":"Authentication error: select \"id\", \"name\", \"email\", \"role\", \"department\", \"designation\", \"location\" from \"users\" where \"id\" = $1 limit $2 - column \"department\" does not exist","timestamp":"2025-09-28 22:39:00"}
{"level":"\u001b[31merror\u001b[39m","message":"Authentication error: select \"id\", \"name\", \"email\", \"role\", \"department\", \"designation\", \"location\" from \"users\" where \"id\" = $1 limit $2 - column \"department\" does not exist","timestamp":"2025-09-28 22:39:02"}
{"level":"\u001b[31merror\u001b[39m","message":"Authentication error: select \"id\", \"name\", \"email\", \"role\", \"department\", \"designation\", \"location\" from \"users\" where \"id\" = $1 limit $2 - column \"department\" does not exist","timestamp":"2025-09-28 22:39:02"}
{"level":"\u001b[31merror\u001b[39m","message":"Authentication error: select \"id\", \"name\", \"email\", \"role\", \"department\", \"designation\", \"location\" from \"users\" where \"id\" = $1 limit $2 - column \"department\" does not exist","timestamp":"2025-09-28 22:40:24"}
{"level":"\u001b[31merror\u001b[39m","message":"Authentication error: select \"id\", \"name\", \"email\", \"role\", \"department\", \"designation\", \"location\" from \"users\" where \"id\" = $1 limit $2 - column \"department\" does not exist","timestamp":"2025-09-28 22:40:24"}
{"level":"\u001b[31merror\u001b[39m","message":"Authentication error: select \"id\", \"name\", \"email\", \"role\", \"department\", \"designation\", \"location\" from \"users\" where \"id\" = $1 limit $2 - column \"department\" does not exist","timestamp":"2025-09-28 22:40:29"}
{"level":"\u001b[31merror\u001b[39m","message":"Authentication error: select \"id\", \"name\", \"email\", \"role\", \"department\", \"designation\", \"location\" from \"users\" where \"id\" = $1 limit $2 - column \"department\" does not exist","timestamp":"2025-09-28 22:40:29"}
{"level":"\u001b[31merror\u001b[39m","message":"Authentication error: select \"id\", \"name\", \"email\", \"role\", \"department\", \"designation\", \"location\" from \"users\" where \"id\" = $1 limit $2 - column \"department\" does not exist","timestamp":"2025-09-28 22:40:32"}
{"level":"\u001b[31merror\u001b[39m","message":"Authentication error: select \"id\", \"name\", \"email\", \"role\", \"department\", \"designation\", \"location\" from \"users\" where \"id\" = $1 limit $2 - column \"department\" does not exist","timestamp":"2025-09-28 22:40:33"}
{"level":"\u001b[31merror\u001b[39m","message":"Authentication error: select \"id\", \"name\", \"email\", \"role\", \"department\", \"designation\", \"location\" from \"users\" where \"id\" = $1 limit $2 - column \"department\" does not exist","timestamp":"2025-09-28 22:45:13"}
{"level":"\u001b[31merror\u001b[39m","message":"Authentication error: select \"id\", \"name\", \"email\", \"role\", \"department\", \"designation\", \"location\" from \"users\" where \"id\" = $1 limit $2 - column \"department\" does not exist","timestamp":"2025-09-28 22:45:14"}
